Args in experiment:
[1mBasic Config[0m
  Task Name:          long_term_forecast  Is Training:        1                   
  Model ID:           ETTh1_720           Model:              delayformer         

[1mData Loader[0m
  Data:               ETTh1               Root Path:          /home/bingxing2/home/scx8939/wzj/all_datasets/
  Data Path:          ETT-small/ETTh1.csv Features:           M                   
  Target:             OT                  Freq:               h                   
  Checkpoints:        ./checkpoints/      

[1mForecasting Task[0m
  Seq Len:            96                  Label Len:          48                  
  Pred Len:           720                 Seasonal Patterns:  Monthly             
  Inverse:            0                   

[1mModel Parameters[0m
  Top k:              5                   Num Kernels:        6                   
  Enc In:             7                   Dec In:             7                   
  C Out:              7                   d model:            128                 
  n heads:            12                  e layers:           3                   
  d layers:           1                   d FF:               2048                
  Moving Avg:         25                  Factor:             3                   
  Distil:             1                   Dropout:            0.1                 
  Embed:              timeF               Activation:         gelu                
  Output Attention:   0                   

[1mRun Parameters[0m
  Num Workers:        10                  Itr:                1                   
  Train Epochs:       10                  Batch Size:         128                 
  Patience:           5                   Learning Rate:      0.0001              
  Des:                Exp                 Loss:               MSE                 
  Lradj:              type1               Use Amp:            0                   

[1mGPU[0m
  Use GPU:            1                   GPU:                0                   
  Use Multi GPU:      0                   Devices:            0,1,2,3             

[1mDe-stationary Projector Params[0m
  P Hidden Dims:      128, 128            P Hidden Layers:    2                   

Use GPU: cuda:0
>>>>>>>start training : long_term_forecast_ETTh1_720_delayformer_ETTh1_ftM_sl96_ll48_pl720_dm128_nh12_el3_dl1_df2048_fc3_ebtimeF_dtTrue_Exp_0>>>>>>>>>>>>>>>>>>>>>>>>>>
train 7825
val 2161
test 2161
Epoch: 1 cost time: 8.191706657409668
Epoch: 1, Steps: 61 | Train Loss: 0.6633592 Vali Loss: 1.5944180 Test Loss: 0.4893982
Validation loss decreased (inf --> 1.594418).  Saving model ...
Updating learning rate to 0.0001
Epoch: 2 cost time: 5.4437806606292725
Epoch: 2, Steps: 61 | Train Loss: 0.6238275 Vali Loss: 1.6078074 Test Loss: 0.4844475
EarlyStopping counter: 1 out of 5
Updating learning rate to 5e-05
Epoch: 3 cost time: 5.4519007205963135
Epoch: 3, Steps: 61 | Train Loss: 0.6081182 Vali Loss: 1.5861648 Test Loss: 0.4779541
Validation loss decreased (1.594418 --> 1.586165).  Saving model ...
Updating learning rate to 2.5e-05
Epoch: 4 cost time: 5.432143211364746
Epoch: 4, Steps: 61 | Train Loss: 0.5974727 Vali Loss: 1.5750461 Test Loss: 0.4680983
Validation loss decreased (1.586165 --> 1.575046).  Saving model ...
Updating learning rate to 1.25e-05
Epoch: 5 cost time: 5.456443786621094
Epoch: 5, Steps: 61 | Train Loss: 0.5912765 Vali Loss: 1.5860380 Test Loss: 0.4737370
EarlyStopping counter: 1 out of 5
Updating learning rate to 6.25e-06
Epoch: 6 cost time: 5.432381868362427
Epoch: 6, Steps: 61 | Train Loss: 0.5875830 Vali Loss: 1.5771174 Test Loss: 0.4774152
EarlyStopping counter: 2 out of 5
Updating learning rate to 3.125e-06
Epoch: 7 cost time: 5.44257664680481
Epoch: 7, Steps: 61 | Train Loss: 0.5859352 Vali Loss: 1.5821283 Test Loss: 0.4810762
EarlyStopping counter: 3 out of 5
Updating learning rate to 1.5625e-06
Epoch: 8 cost time: 5.457524061203003
Epoch: 8, Steps: 61 | Train Loss: 0.5849746 Vali Loss: 1.5807712 Test Loss: 0.4811444
EarlyStopping counter: 4 out of 5
Updating learning rate to 7.8125e-07
Epoch: 9 cost time: 5.431283950805664
Epoch: 9, Steps: 61 | Train Loss: 0.5848718 Vali Loss: 1.5794884 Test Loss: 0.4818281
EarlyStopping counter: 5 out of 5
Early stopping
>>>>>>>testing : long_term_forecast_ETTh1_720_delayformer_ETTh1_ftM_sl96_ll48_pl720_dm128_nh12_el3_dl1_df2048_fc3_ebtimeF_dtTrue_Exp_0<<<<<<<<<<<<<<<<<<<<<<<<<<<<<<<<<
test 2161
test shape: (2161, 1, 720, 7) (2161, 1, 720, 7)
test shape: (2161, 720, 7) (2161, 720, 7)
mse:0.4680980145931244, mae:0.4653823673725128
