Args in experiment:
[1mBasic Config[0m
  Task Name:          long_term_forecast  Is Training:        1                   
  Model ID:           ETTh1_192           Model:              delayformer         

[1mData Loader[0m
  Data:               ETTh1               Root Path:          /home/bingxing2/home/scx8939/wzj/all_datasets/
  Data Path:          ETT-small/ETTh1.csv Features:           M                   
  Target:             OT                  Freq:               h                   
  Checkpoints:        ./checkpoints/      

[1mForecasting Task[0m
  Seq Len:            96                  Label Len:          48                  
  Pred Len:           192                 Seasonal Patterns:  Monthly             
  Inverse:            0                   

[1mModel Parameters[0m
  Top k:              5                   Num Kernels:        6                   
  Enc In:             7                   Dec In:             7                   
  C Out:              7                   d model:            256                 
  n heads:            12                  e layers:           3                   
  d layers:           1                   d FF:               512                 
  Moving Avg:         25                  Factor:             3                   
  Distil:             1                   Dropout:            0.1                 
  Embed:              timeF               Activation:         gelu                
  Output Attention:   0                   

[1mRun Parameters[0m
  Num Workers:        10                  Itr:                1                   
  Train Epochs:       10                  Batch Size:         128                 
  Patience:           5                   Learning Rate:      0.0001              
  Des:                Exp                 Loss:               MSE                 
  Lradj:              type1               Use Amp:            0                   

[1mGPU[0m
  Use GPU:            1                   GPU:                0                   
  Use Multi GPU:      0                   Devices:            0,1,2,3             

[1mDe-stationary Projector Params[0m
  P Hidden Dims:      128, 128            P Hidden Layers:    2                   

Use GPU: cuda:0
>>>>>>>start training : long_term_forecast_ETTh1_192_delayformer_ETTh1_ftM_sl96_ll48_pl192_dm256_nh12_el3_dl1_df512_fc3_ebtimeF_dtTrue_Exp_0>>>>>>>>>>>>>>>>>>>>>>>>>>
train 8353
val 2689
test 2689
Epoch: 1 cost time: 13.98586893081665
Epoch: 1, Steps: 65 | Train Loss: 0.4934815 Vali Loss: 1.0433480 Test Loss: 0.4632427
Validation loss decreased (inf --> 1.043348).  Saving model ...
Updating learning rate to 0.0001
Epoch: 2 cost time: 11.298057317733765
Epoch: 2, Steps: 65 | Train Loss: 0.4429694 Vali Loss: 1.0470557 Test Loss: 0.4539103
EarlyStopping counter: 1 out of 5
Updating learning rate to 5e-05
Epoch: 3 cost time: 11.31054401397705
Epoch: 3, Steps: 65 | Train Loss: 0.4184351 Vali Loss: 1.0311692 Test Loss: 0.4416135
Validation loss decreased (1.043348 --> 1.031169).  Saving model ...
Updating learning rate to 2.5e-05
Epoch: 4 cost time: 11.313151121139526
Epoch: 4, Steps: 65 | Train Loss: 0.4042078 Vali Loss: 1.0322804 Test Loss: 0.4333359
EarlyStopping counter: 1 out of 5
Updating learning rate to 1.25e-05
Epoch: 5 cost time: 11.302396297454834
Epoch: 5, Steps: 65 | Train Loss: 0.3960381 Vali Loss: 1.0226915 Test Loss: 0.4299107
Validation loss decreased (1.031169 --> 1.022691).  Saving model ...
Updating learning rate to 6.25e-06
Epoch: 6 cost time: 11.289582014083862
Epoch: 6, Steps: 65 | Train Loss: 0.3911448 Vali Loss: 1.0210962 Test Loss: 0.4285979
Validation loss decreased (1.022691 --> 1.021096).  Saving model ...
Updating learning rate to 3.125e-06
Epoch: 7 cost time: 11.29197072982788
Epoch: 7, Steps: 65 | Train Loss: 0.3888264 Vali Loss: 1.0239248 Test Loss: 0.4291466
EarlyStopping counter: 1 out of 5
Updating learning rate to 1.5625e-06
Epoch: 8 cost time: 11.297300100326538
Epoch: 8, Steps: 65 | Train Loss: 0.3873882 Vali Loss: 1.0224913 Test Loss: 0.4290302
EarlyStopping counter: 2 out of 5
Updating learning rate to 7.8125e-07
Epoch: 9 cost time: 11.302462816238403
Epoch: 9, Steps: 65 | Train Loss: 0.3870381 Vali Loss: 1.0222257 Test Loss: 0.4285659
EarlyStopping counter: 3 out of 5
Updating learning rate to 3.90625e-07
Epoch: 10 cost time: 11.315150260925293
Epoch: 10, Steps: 65 | Train Loss: 0.3864020 Vali Loss: 1.0230447 Test Loss: 0.4286122
EarlyStopping counter: 4 out of 5
Updating learning rate to 1.953125e-07
>>>>>>>testing : long_term_forecast_ETTh1_192_delayformer_ETTh1_ftM_sl96_ll48_pl192_dm256_nh12_el3_dl1_df512_fc3_ebtimeF_dtTrue_Exp_0<<<<<<<<<<<<<<<<<<<<<<<<<<<<<<<<<
test 2689
test shape: (2689, 1, 192, 7) (2689, 1, 192, 7)
test shape: (2689, 192, 7) (2689, 192, 7)
mse:0.4285978078842163, mae:0.4339178800582886
