Args in experiment:
[1mBasic Config[0m
  Task Name:          long_term_forecast  Is Training:        1                   
  Model ID:           ETTm2_720           Model:              delayformer         

[1mData Loader[0m
  Data:               ETTm2               Root Path:          /home/bingxing2/home/scx8939/wzj/all_datasets/
  Data Path:          ETT-small/ETTm2.csv Features:           M                   
  Target:             OT                  Freq:               h                   
  Checkpoints:        ./checkpoints/      

[1mForecasting Task[0m
  Seq Len:            96                  Label Len:          48                  
  Pred Len:           720                 Seasonal Patterns:  Monthly             
  Inverse:            0                   

[1mModel Parameters[0m
  Top k:              5                   Num Kernels:        6                   
  Enc In:             7                   Dec In:             7                   
  C Out:              7                   d model:            128                 
  n heads:            12                  e layers:           3                   
  d layers:           1                   d FF:               128                 
  Moving Avg:         25                  Factor:             3                   
  Distil:             1                   Dropout:            0.1                 
  Embed:              timeF               Activation:         gelu                
  Output Attention:   0                   

[1mRun Parameters[0m
  Num Workers:        10                  Itr:                1                   
  Train Epochs:       10                  Batch Size:         128                 
  Patience:           3                   Learning Rate:      0.0001              
  Des:                Exp                 Loss:               MSE                 
  Lradj:              cosine              Use Amp:            0                   

[1mGPU[0m
  Use GPU:            1                   GPU:                0                   
  Use Multi GPU:      0                   Devices:            0,1,2,3             

[1mDe-stationary Projector Params[0m
  P Hidden Dims:      128, 128            P Hidden Layers:    2                   

Use GPU: cuda:0
>>>>>>>start training : long_term_forecast_ETTm2_720_delayformer_ETTm2_ftM_sl96_ll48_pl720_dm128_nh12_el3_dl1_df128_fc3_ebtimeF_dtTrue_Exp_0>>>>>>>>>>>>>>>>>>>>>>>>>>
train 33745
val 10801
test 10801
	iters: 100, epoch: 1 | loss: 0.3329218
	speed: 0.1116s/iter; left time: 282.3837s
	iters: 200, epoch: 1 | loss: 0.6372659
	speed: 0.0803s/iter; left time: 195.1842s
Epoch: 1 cost time: 24.401886463165283
Epoch: 1, Steps: 263 | Train Loss: 0.5874376 Vali Loss: 0.2869266 Test Loss: 0.4009602
Validation loss decreased (inf --> 0.286927).  Saving model ...
Updating learning rate to 9.755282581475769e-05
	iters: 100, epoch: 2 | loss: 0.5421969
	speed: 0.9191s/iter; left time: 2084.5474s
	iters: 200, epoch: 2 | loss: 0.5411578
	speed: 0.0807s/iter; left time: 174.8798s
Epoch: 2 cost time: 21.618781089782715
Epoch: 2, Steps: 263 | Train Loss: 0.5606728 Vali Loss: 0.2923442 Test Loss: 0.4132320
EarlyStopping counter: 1 out of 3
Updating learning rate to 9.045084971874738e-05
	iters: 100, epoch: 3 | loss: 0.4395701
	speed: 0.8877s/iter; left time: 1779.7575s
	iters: 200, epoch: 3 | loss: 0.5131799
	speed: 0.0806s/iter; left time: 153.5824s
Epoch: 3 cost time: 21.564544439315796
Epoch: 3, Steps: 263 | Train Loss: 0.5419705 Vali Loss: 0.2934523 Test Loss: 0.4082925
EarlyStopping counter: 2 out of 3
Updating learning rate to 7.938926261462366e-05
	iters: 100, epoch: 4 | loss: 0.4872211
	speed: 0.8882s/iter; left time: 1547.1602s
	iters: 200, epoch: 4 | loss: 0.5538664
	speed: 0.0804s/iter; left time: 132.0881s
Epoch: 4 cost time: 21.636924982070923
Epoch: 4, Steps: 263 | Train Loss: 0.5215668 Vali Loss: 0.2948096 Test Loss: 0.4209436
EarlyStopping counter: 3 out of 3
Early stopping
>>>>>>>testing : long_term_forecast_ETTm2_720_delayformer_ETTm2_ftM_sl96_ll48_pl720_dm128_nh12_el3_dl1_df128_fc3_ebtimeF_dtTrue_Exp_0<<<<<<<<<<<<<<<<<<<<<<<<<<<<<<<<<
test 10801
test shape: (10801, 1, 720, 7) (10801, 1, 720, 7)
test shape: (10801, 720, 7) (10801, 720, 7)
mse:0.4009602963924408, mae:0.4004739820957184
