Args in experiment:
[1mBasic Config[0m
  Task Name:          long_term_forecast  Is Training:        1                   
  Model ID:           solar_192           Model:              delayformer         

[1mData Loader[0m
  Data:               Solar               Root Path:          /home/bingxing2/home/scx8939/wzj/all_datasets/
  Data Path:          Solar/solar_AL.txt  Features:           M                   
  Target:             OT                  Freq:               h                   
  Checkpoints:        ./checkpoints/      

[1mForecasting Task[0m
  Seq Len:            96                  Label Len:          48                  
  Pred Len:           192                 Seasonal Patterns:  Monthly             
  Inverse:            0                   

[1mModel Parameters[0m
  Top k:              5                   Num Kernels:        6                   
  Enc In:             137                 Dec In:             137                 
  C Out:              7                   d model:            512                 
  n heads:            8                   e layers:           2                   
  d layers:           1                   d FF:               512                 
  Moving Avg:         25                  Factor:             3                   
  Distil:             1                   Dropout:            0.1                 
  Embed:              timeF               Activation:         gelu                
  Output Attention:   0                   

[1mRun Parameters[0m
  Num Workers:        10                  Itr:                1                   
  Train Epochs:       10                  Batch Size:         128                 
  Patience:           5                   Learning Rate:      0.0005              
  Des:                Exp                 Loss:               MSE                 
  Lradj:              type1               Use Amp:            0                   

[1mGPU[0m
  Use GPU:            1                   GPU:                0                   
  Use Multi GPU:      0                   Devices:            0,1,2,3             

[1mDe-stationary Projector Params[0m
  P Hidden Dims:      128, 128            P Hidden Layers:    2                   

Use GPU: cuda:0
>>>>>>>start training : long_term_forecast_solar_192_delayformer_Solar_ftM_sl96_ll48_pl192_dm512_nh8_el2_dl1_df512_fc3_ebtimeF_dtTrue_Exp_0>>>>>>>>>>>>>>>>>>>>>>>>>>
train 36505
val 5065
test 10321
	iters: 100, epoch: 1 | loss: 0.3829324
	speed: 0.9568s/iter; left time: 2632.0439s
	iters: 200, epoch: 1 | loss: 0.3615187
	speed: 0.9268s/iter; left time: 2457.0371s
Epoch: 1 cost time: 267.90212202072144
Epoch: 1, Steps: 285 | Train Loss: 0.3985123 Vali Loss: 0.2193494 Test Loss: 0.2684668
Validation loss decreased (inf --> 0.219349).  Saving model ...
Updating learning rate to 0.0005
	iters: 100, epoch: 2 | loss: 0.3380124
	speed: 4.7121s/iter; left time: 11620.0359s
	iters: 200, epoch: 2 | loss: 0.3093762
	speed: 0.9271s/iter; left time: 2193.5878s
Epoch: 2 cost time: 265.24218487739563
Epoch: 2, Steps: 285 | Train Loss: 0.3444821 Vali Loss: 0.2070524 Test Loss: 0.2582559
Validation loss decreased (0.219349 --> 0.207052).  Saving model ...
Updating learning rate to 0.00025
	iters: 100, epoch: 3 | loss: 0.3362890
	speed: 4.7220s/iter; left time: 10298.7305s
	iters: 200, epoch: 3 | loss: 0.3298826
	speed: 0.9262s/iter; left time: 1927.4158s
Epoch: 3 cost time: 265.32717752456665
Epoch: 3, Steps: 285 | Train Loss: 0.3267589 Vali Loss: 0.1948082 Test Loss: 0.2529328
Validation loss decreased (0.207052 --> 0.194808).  Saving model ...
Updating learning rate to 0.000125
	iters: 100, epoch: 4 | loss: 0.3167056
	speed: 4.7165s/iter; left time: 8942.5247s
	iters: 200, epoch: 4 | loss: 0.3109613
	speed: 0.9242s/iter; left time: 1659.8202s
Epoch: 4 cost time: 264.6044192314148
Epoch: 4, Steps: 285 | Train Loss: 0.3190565 Vali Loss: 0.1884785 Test Loss: 0.2501957
Validation loss decreased (0.194808 --> 0.188478).  Saving model ...
Updating learning rate to 6.25e-05
	iters: 100, epoch: 5 | loss: 0.3315081
	speed: 4.7131s/iter; left time: 7592.8397s
	iters: 200, epoch: 5 | loss: 0.3223389
	speed: 0.9259s/iter; left time: 1399.0320s
Epoch: 5 cost time: 265.08951354026794
Epoch: 5, Steps: 285 | Train Loss: 0.3147629 Vali Loss: 0.1980342 Test Loss: 0.2470416
EarlyStopping counter: 1 out of 5
Updating learning rate to 3.125e-05
	iters: 100, epoch: 6 | loss: 0.3053544
	speed: 4.6975s/iter; left time: 6228.8376s
	iters: 200, epoch: 6 | loss: 0.3151348
	speed: 0.9264s/iter; left time: 1135.7076s
Epoch: 6 cost time: 264.93729305267334
Epoch: 6, Steps: 285 | Train Loss: 0.3125226 Vali Loss: 0.1939383 Test Loss: 0.2453414
EarlyStopping counter: 2 out of 5
Updating learning rate to 1.5625e-05
	iters: 100, epoch: 7 | loss: 0.3098441
	speed: 4.6975s/iter; left time: 4890.0594s
	iters: 200, epoch: 7 | loss: 0.2949487
	speed: 0.9263s/iter; left time: 871.6908s
Epoch: 7 cost time: 265.33313632011414
Epoch: 7, Steps: 285 | Train Loss: 0.3112500 Vali Loss: 0.1918489 Test Loss: 0.2453850
EarlyStopping counter: 3 out of 5
Updating learning rate to 7.8125e-06
	iters: 100, epoch: 8 | loss: 0.3319280
	speed: 4.7029s/iter; left time: 3555.3549s
	iters: 200, epoch: 8 | loss: 0.3069263
	speed: 0.9267s/iter; left time: 607.8919s
Epoch: 8 cost time: 265.22292137145996
Epoch: 8, Steps: 285 | Train Loss: 0.3105380 Vali Loss: 0.1900115 Test Loss: 0.2455675
EarlyStopping counter: 4 out of 5
Updating learning rate to 3.90625e-06
	iters: 100, epoch: 9 | loss: 0.3448139
	speed: 4.7067s/iter; left time: 2216.8426s
	iters: 200, epoch: 9 | loss: 0.3047769
	speed: 0.9267s/iter; left time: 343.8097s
Epoch: 9 cost time: 265.1932895183563
Epoch: 9, Steps: 285 | Train Loss: 0.3100651 Vali Loss: 0.1914894 Test Loss: 0.2446702
EarlyStopping counter: 5 out of 5
Early stopping
>>>>>>>testing : long_term_forecast_solar_192_delayformer_Solar_ftM_sl96_ll48_pl192_dm512_nh8_el2_dl1_df512_fc3_ebtimeF_dtTrue_Exp_0<<<<<<<<<<<<<<<<<<<<<<<<<<<<<<<<<
test 10321
test shape: (10321, 1, 192, 137) (10321, 1, 192, 137)
test shape: (10321, 192, 137) (10321, 192, 137)
mse:0.25019580125808716, mae:0.2943991720676422
